<?xml version="1.0" encoding="UTF-8"?>
<!-- Generated by org.testng.reporters.JUnitXMLReporter -->
<testsuite ignored="0" hostname="viveks-MacBook-Air.local" failures="0" tests="5" name="login Page Test" time="21.007" errors="0" timestamp="2024-12-22T11:07:18 IST">
  <testcase classname="com.qa.opencart.tests.LoginPageTest" name="loginTestWithInvalidcredentials" time="3.0"/>
  <testcase classname="com.qa.opencart.tests.LoginPageTest" name="loginPageTitleTest" time="0.235"/>
  <testcase classname="com.qa.opencart.tests.LoginPageTest" name="loginPageUrlTest" time="5.154"/>
  <testcase classname="com.qa.opencart.tests.LoginPageTest" name="forgotpwdLinkExitTest" time="0.54"/>
  <testcase classname="com.qa.opencart.tests.LoginPageTest" name="loginTest" time="1.508"/>
</testsuite> <!-- login Page Test -->
