<?xml version="1.0" encoding="UTF-8"?>
<!-- Generated by org.testng.reporters.JUnitXMLReporter -->
<testsuite ignored="0" hostname="viveks-MacBook-Air.local" failures="0" tests="3" name="Register Page Test" time="22.749" errors="0" timestamp="2024-12-26T16:03:28 IST">
  <testcase classname="com.qa.opencart.tests.ResigterPageTest" name="userRegisterationTest" time="4.212"/>
  <testcase classname="com.qa.opencart.tests.ResigterPageTest" name="userRegisterationTest" time="3.242"/>
  <testcase classname="com.qa.opencart.tests.ResigterPageTest" name="userRegisterationTest" time="3.202"/>
</testsuite> <!-- Register Page Test -->
