<?xml version="1.0" encoding="UTF-8"?>
<!-- Generated by org.testng.reporters.JUnitXMLReporter -->
<testsuite ignored="0" hostname="viveks-Air" failures="0" tests="3" name="Register Page Test" time="19.4" errors="0" timestamp="2024-12-21T15:28:31 IST">
  <testcase classname="com.qa.opencart.tests.ResigterPageTest" name="userRegisterationTest" time="3.439"/>
  <testcase classname="com.qa.opencart.tests.ResigterPageTest" name="userRegisterationTest" time="2.997"/>
  <testcase classname="com.qa.opencart.tests.ResigterPageTest" name="userRegisterationTest" time="3.046"/>
</testsuite> <!-- Register Page Test -->
