<?xml version="1.0" encoding="UTF-8"?>
<!-- Generated by org.testng.reporters.JUnitXMLReporter -->
<testsuite ignored="0" hostname="viveks-Air" failures="0" tests="4" name="Default test" time="84.641" errors="0" timestamp="2024-12-21T13:21:44 IST">
  <testcase classname="com.qa.opencart.tests.LoginPageTest" name="loginPageTitleTest" time="0.527"/>
  <testcase classname="com.qa.opencart.tests.LoginPageTest" name="loginPageUrlTest" time="5.181"/>
  <testcase classname="com.qa.opencart.tests.LoginPageTest" name="forgotpwdLinkExitTest" time="0.545"/>
  <testcase classname="com.qa.opencart.tests.LoginPageTest" name="loginTest" time="5.469"/>
</testsuite> <!-- Default test -->
