<?xml version="1.0" encoding="UTF-8"?>
<!-- Generated by org.testng.reporters.JUnitXMLReporter -->
<testsuite ignored="4" hostname="viveks-Air" failures="0" tests="1" name="Default test" time="18.239" errors="0" timestamp="2024-12-21T21:54:18 IST">
  <testcase classname="com.qa.opencart.tests.LoginPageTest" name="loginTestWithInvalidcredentials" time="4.026"/>
  <testcase classname="com.qa.opencart.tests.LoginPageTest" name="loginPageTitleTest" time="0.0">
    <ignored/>
  </testcase> <!-- loginPageTitleTest -->
  <testcase classname="com.qa.opencart.tests.LoginPageTest" name="loginTest" time="0.0">
    <ignored/>
  </testcase> <!-- loginTest -->
  <testcase classname="com.qa.opencart.tests.LoginPageTest" name="forgotpwdLinkExitTest" time="0.0">
    <ignored/>
  </testcase> <!-- forgotpwdLinkExitTest -->
  <testcase classname="com.qa.opencart.tests.LoginPageTest" name="loginPageUrlTest" time="0.0">
    <ignored/>
  </testcase> <!-- loginPageUrlTest -->
</testsuite> <!-- Default test -->
