<?xml version="1.0" encoding="UTF-8"?>
<!-- Generated by org.testng.reporters.JUnitXMLReporter -->
<testsuite ignored="0" hostname="viveks-MacBook-Air.local" failures="0" tests="3" name="Register Page Test" time="11.491" errors="0" timestamp="2024-12-15T21:43:18 IST">
  <testcase classname="com.qa.opencart.tests.ResigterPageTest" name="userRegisterationTest" time="2.205"/>
  <testcase classname="com.qa.opencart.tests.ResigterPageTest" name="userRegisterationTest" time="2.039"/>
  <testcase classname="com.qa.opencart.tests.ResigterPageTest" name="userRegisterationTest" time="2.111"/>
</testsuite> <!-- Register Page Test -->
