<?xml version="1.0" encoding="UTF-8"?>
<testsuite xmlns:xsi="http://www.w3.org/2001/XMLSchema-instance" xsi:noNamespaceSchemaLocation="https://maven.apache.org/surefire/maven-surefire-plugin/xsd/surefire-test-report.xsd" name="TestSuite" time="35.734" tests="24" errors="0" skipped="0" failures="5">
  <properties>
[...]
</properties>
  <testcase name="accPageHeaderTest" classname="com.qa.opencart.tests.AccountPageTest" time="0.136"/>
  <testcase name="productHeaderTest" classname="com.qa.opencart.tests.ProductInfoPageTest" time="1.175"/>
  <testcase name="productHeaderTest" classname="com.qa.opencart.tests.ProductInfoPageTest" time="1.171"/>
  <testcase name="productHeaderTest" classname="com.qa.opencart.tests.ProductInfoPageTest" time="1.14"/>
  <testcase name="productHeaderTest" classname="com.qa.opencart.tests.ProductInfoPageTest" time="0.084"/>
  <testcase name="loginPageTitleTest" classname="com.qa.opencart.tests.LoginPageTest" time="1.049">
    <failure message="=====TITLE NOT FOUND======== expected [Account Login11] but found [Account Login]" type="java.lang.AssertionError">java.lang.AssertionError: =====TITLE NOT FOUND======== expected [Account Login11] but found [Account Login]
	at com.qa.opencart.tests.LoginPageTest.loginPageTitleTest(LoginPageTest.java:17)
</failure>
    <system-out><![CDATA[productHeaderTest started!
I am in onTestStart method productHeaderTest start
searching.......... :canon
element is displayed: By.name: search
product name ===Canon EOS 5D
title not found
login page Title==== Account Login
I am in onTestFailure method loginPageTitleTest failed
Screenshot captured for test case:loginPageTitleTest
loginPageTitleTest failed!
]]></system-out>
  </testcase>
  <testcase name="accPageTitleTest" classname="com.qa.opencart.tests.AccountPageTest" time="0.143">
    <failure message="=====TITLE NOT FOUND======== expected [My Account11] but found [My Account]" type="java.lang.AssertionError">java.lang.AssertionError: =====TITLE NOT FOUND======== expected [My Account11] but found [My Account]
	at com.qa.opencart.tests.AccountPageTest.accPageTitleTest(AccountPageTest.java:25)
</failure>
    <system-out><![CDATA[productImagesCountTest started!
I am in onTestStart method productImagesCountTest start
searching.......... :macbook
element is displayed: By.name: search
title not found
Account page Title==== My Account
I am in onTestFailure method accPageTitleTest failed
Screenshot captured for test case:accPageTitleTest
accPageTitleTest failed!
]]></system-out>
  </testcase>
  <testcase name="productImagesCountTest" classname="com.qa.opencart.tests.ProductInfoPageTest" time="0.636"/>
  <testcase name="productImagesCountTest" classname="com.qa.opencart.tests.ProductInfoPageTest" time="0.255">
    <failure message="Expected condition failed: waiting for visibility of element located by By.linkText: imac (tried for 5 second(s) with 500 milliseconds interval)&#10;Build info: version: &apos;4.10.0&apos;, revision: &apos;c14d967899&apos;&#10;System info: os.name: &apos;Mac OS X&apos;, os.arch: &apos;aarch64&apos;, os.version: &apos;14.5&apos;, java.version: &apos;11.0.20&apos;&#10;Driver info: org.openqa.selenium.firefox.FirefoxDriver&#10;Capabilities {acceptInsecureCerts: true, browserName: firefox, browserVersion: 133.0.3, moz:accessibilityChecks: false, moz:buildID: 20241209150345, moz:geckodriverVersion: 0.35.0, moz:headless: false, moz:platformVersion: 23.5.0, moz:processID: 39603, moz:profile: /var/folders/2j/zy7xvbdx699..., moz:shutdownTimeout: 60000, moz:webdriverClick: true, moz:windowless: false, pageLoadStrategy: normal, platformName: mac, proxy: Proxy(), setWindowRect: true, strictFileInteractability: false, timeouts: {implicit: 0, pageLoad: 300000, script: 30000}, unhandledPromptBehavior: dismiss and notify, userAgent: Mozilla/5.0 (Macintosh; Int...}&#10;Session ID: 816fe50c-a473-4b88-83ce-911725138d4b" type="org.openqa.selenium.TimeoutException">org.openqa.selenium.TimeoutException: 
Expected condition failed: waiting for visibility of element located by By.linkText: imac (tried for 5 second(s) with 500 milliseconds interval)
Build info: version: '4.10.0', revision: 'c14d967899'
System info: os.name: 'Mac OS X', os.arch: 'aarch64', os.version: '14.5', java.version: '11.0.20'
Driver info: org.openqa.selenium.firefox.FirefoxDriver
Capabilities {acceptInsecureCerts: true, browserName: firefox, browserVersion: 133.0.3, moz:accessibilityChecks: false, moz:buildID: 20241209150345, moz:geckodriverVersion: 0.35.0, moz:headless: false, moz:platformVersion: 23.5.0, moz:processID: 39603, moz:profile: /var/folders/2j/zy7xvbdx699..., moz:shutdownTimeout: 60000, moz:webdriverClick: true, moz:windowless: false, pageLoadStrategy: normal, platformName: mac, proxy: Proxy(), setWindowRect: true, strictFileInteractability: false, timeouts: {implicit: 0, pageLoad: 300000, script: 30000}, unhandledPromptBehavior: dismiss and notify, userAgent: Mozilla/5.0 (Macintosh; Int...}
Session ID: 816fe50c-a473-4b88-83ce-911725138d4b
	at com.qa.opencart.tests.ProductInfoPageTest.productImagesCountTest(ProductInfoPageTest.java:61)
</failure>
    <system-out><![CDATA[searchTest started!
I am in onTestStart method searchTest start
searching.......... :imac
element is displayed: By.name: search
I am in onTestFailure method productImagesCountTest failed
Screenshot captured for test case:productImagesCountTest
productImagesCountTest failed!
]]></system-out>
  </testcase>
  <testcase name="productImagesCountTest" classname="com.qa.opencart.tests.ProductInfoPageTest" time="0.514"/>
  <testcase name="productImagesCountTest" classname="com.qa.opencart.tests.ProductInfoPageTest" time="0.933"/>
  <testcase name="productImagesCountTest" classname="com.qa.opencart.tests.ProductInfoPageTest" time="0.828"/>
  <testcase name="loginPageUrlTest" classname="com.qa.opencart.tests.LoginPageTest" time="3.846"/>
  <testcase name="forgotpwdLinkExitTest" classname="com.qa.opencart.tests.LoginPageTest" time="0.11"/>
  <testcase name="accPageUrlTest" classname="com.qa.opencart.tests.AccountPageTest" time="0.489"/>
  <testcase name="searchTest" classname="com.qa.opencart.tests.AccountPageTest" time="0.839"/>
  <testcase name="searchTest" classname="com.qa.opencart.tests.AccountPageTest" time="0.329"/>
  <testcase name="searchTest" classname="com.qa.opencart.tests.AccountPageTest" time="0.094"/>
  <testcase name="searchTest" classname="com.qa.opencart.tests.AccountPageTest" time="0.526">
    <failure message="Expected condition failed: waiting for presence of any elements located by By.cssSelector: div.product-thumb (tried for 10 second(s) with 500 milliseconds interval)&#10;Build info: version: &apos;4.10.0&apos;, revision: &apos;c14d967899&apos;&#10;System info: os.name: &apos;Mac OS X&apos;, os.arch: &apos;aarch64&apos;, os.version: &apos;14.5&apos;, java.version: &apos;11.0.20&apos;&#10;Driver info: org.openqa.selenium.firefox.FirefoxDriver&#10;Capabilities {acceptInsecureCerts: true, browserName: firefox, browserVersion: 133.0.3, moz:accessibilityChecks: false, moz:buildID: 20241209150345, moz:geckodriverVersion: 0.35.0, moz:headless: false, moz:platformVersion: 23.5.0, moz:processID: 39605, moz:profile: /var/folders/2j/zy7xvbdx699..., moz:shutdownTimeout: 60000, moz:webdriverClick: true, moz:windowless: false, pageLoadStrategy: normal, platformName: mac, proxy: Proxy(), setWindowRect: true, strictFileInteractability: false, timeouts: {implicit: 0, pageLoad: 300000, script: 30000}, unhandledPromptBehavior: dismiss and notify, userAgent: Mozilla/5.0 (Macintosh; Int...}&#10;Session ID: 6f61b1fc-edb0-42e4-9fd8-68e9f09e2f11" type="org.openqa.selenium.TimeoutException">org.openqa.selenium.TimeoutException: 
Expected condition failed: waiting for presence of any elements located by By.cssSelector: div.product-thumb (tried for 10 second(s) with 500 milliseconds interval)
Build info: version: '4.10.0', revision: 'c14d967899'
System info: os.name: 'Mac OS X', os.arch: 'aarch64', os.version: '14.5', java.version: '11.0.20'
Driver info: org.openqa.selenium.firefox.FirefoxDriver
Capabilities {acceptInsecureCerts: true, browserName: firefox, browserVersion: 133.0.3, moz:accessibilityChecks: false, moz:buildID: 20241209150345, moz:geckodriverVersion: 0.35.0, moz:headless: false, moz:platformVersion: 23.5.0, moz:processID: 39605, moz:profile: /var/folders/2j/zy7xvbdx699..., moz:shutdownTimeout: 60000, moz:webdriverClick: true, moz:windowless: false, pageLoadStrategy: normal, platformName: mac, proxy: Proxy(), setWindowRect: true, strictFileInteractability: false, timeouts: {implicit: 0, pageLoad: 300000, script: 30000}, unhandledPromptBehavior: dismiss and notify, userAgent: Mozilla/5.0 (Macintosh; Int...}
Session ID: 6f61b1fc-edb0-42e4-9fd8-68e9f09e2f11
	at com.qa.opencart.tests.AccountPageTest.searchTest(AccountPageTest.java:52)
</failure>
    <system-out><![CDATA[userRegisterationTest started!
I am in onTestStart method userRegisterationTest start
user emailId userauto1734279194170@opencart.com
I am in onTestFailure method searchTest failed
Screenshot captured for test case:searchTest
searchTest failed!
]]></system-out>
  </testcase>
  <testcase name="productInfoTest" classname="com.qa.opencart.tests.ProductInfoPageTest" time="0.852"/>
  <testcase name="loginTest" classname="com.qa.opencart.tests.LoginPageTest" time="1.547">
    <failure message="=====TITLE NOT FOUND======== expected [My Account11] but found [My Account]" type="java.lang.AssertionError">java.lang.AssertionError: =====TITLE NOT FOUND======== expected [My Account11] but found [My Account]
	at com.qa.opencart.tests.LoginPageTest.loginTest(LoginPageTest.java:40)
</failure>
    <system-out><![CDATA[I am in onFinish method ProductInfo Page Test
Test Suite is ending!
title not found
Account page Title==== My Account
I am in onTestFailure method loginTest failed
Screenshot captured for test case:loginTest
loginTest failed!
Test Suite started!
I am in onStart method Register Page Test
eunning test suite on env -- + dev
]]></system-out>
  </testcase>
  <testcase name="userRegisterationTest" classname="com.qa.opencart.tests.ResigterPageTest" time="2.205"/>
  <testcase name="userRegisterationTest" classname="com.qa.opencart.tests.ResigterPageTest" time="2.04"/>
  <testcase name="userRegisterationTest" classname="com.qa.opencart.tests.ResigterPageTest" time="2.112"/>
</testsuite>