<?xml version="1.0" encoding="UTF-8"?>
<testng-results ignored="0" total="8" passed="8" failed="0" skipped="0">
  <reporter-output>
  </reporter-output>
  <suite started-at="2024-12-26T16:03:05 IST" name="Opencart App Test Regression Suite" finished-at="2024-12-26T16:03:29 IST" duration-ms="23982">
    <groups>
    </groups>
    <test started-at="2024-12-26T16:03:05 IST" name="Register Page Test" finished-at="2024-12-26T16:03:28 IST" duration-ms="22749">
      <class name="com.qa.opencart.tests.ResigterPageTest">
        <test-method is-config="true" signature="setUp(java.lang.String)[pri:0, instance:com.qa.opencart.tests.ResigterPageTest@4dad0eed]" started-at="2024-12-26T16:03:05 IST" name="setUp" finished-at="2024-12-26T16:03:13 IST" duration-ms="8288" status="PASS">
          <params>
            <param index="0">
              <value>
                <![CDATA[Firefox]]>
              </value>
            </param>
          </params>
          <reporter-output>
          </reporter-output>
        </test-method> <!-- setUp -->
        <test-method is-config="true" signature="regSetUp()[pri:0, instance:com.qa.opencart.tests.ResigterPageTest@4dad0eed]" started-at="2024-12-26T16:03:14 IST" name="regSetUp" finished-at="2024-12-26T16:03:15 IST" duration-ms="1210" status="PASS">
          <reporter-output>
          </reporter-output>
        </test-method> <!-- regSetUp -->
        <test-method signature="userRegisterationTest(java.lang.String,java.lang.String,java.lang.String,java.lang.String,java.lang.String)[pri:0, instance:com.qa.opencart.tests.ResigterPageTest@4dad0eed]" started-at="2024-12-26T16:03:16 IST" name="userRegisterationTest" data-provider="userRegisterFromSheet" finished-at="2024-12-26T16:03:20 IST" duration-ms="4212" status="PASS">
          <params>
            <param index="0">
              <value>
                <![CDATA[vivek]]>
              </value>
            </param>
            <param index="1">
              <value>
                <![CDATA[singh]]>
              </value>
            </param>
            <param index="2">
              <value>
                <![CDATA[7702921111]]>
              </value>
            </param>
            <param index="3">
              <value>
                <![CDATA[1234.0]]>
              </value>
            </param>
            <param index="4">
              <value>
                <![CDATA[yes]]>
              </value>
            </param>
          </params>
          <reporter-output>
          </reporter-output>
        </test-method> <!-- userRegisterationTest -->
        <test-method signature="userRegisterationTest(java.lang.String,java.lang.String,java.lang.String,java.lang.String,java.lang.String)[pri:0, instance:com.qa.opencart.tests.ResigterPageTest@4dad0eed]" started-at="2024-12-26T16:03:21 IST" name="userRegisterationTest" data-provider="userRegisterFromSheet" finished-at="2024-12-26T16:03:24 IST" duration-ms="3242" status="PASS">
          <params>
            <param index="0">
              <value>
                <![CDATA[ram ]]>
              </value>
            </param>
            <param index="1">
              <value>
                <![CDATA[ji]]>
              </value>
            </param>
            <param index="2">
              <value>
                <![CDATA[7702921111]]>
              </value>
            </param>
            <param index="3">
              <value>
                <![CDATA[1234.0]]>
              </value>
            </param>
            <param index="4">
              <value>
                <![CDATA[no]]>
              </value>
            </param>
          </params>
          <reporter-output>
          </reporter-output>
        </test-method> <!-- userRegisterationTest -->
        <test-method signature="userRegisterationTest(java.lang.String,java.lang.String,java.lang.String,java.lang.String,java.lang.String)[pri:0, instance:com.qa.opencart.tests.ResigterPageTest@4dad0eed]" started-at="2024-12-26T16:03:24 IST" name="userRegisterationTest" data-provider="userRegisterFromSheet" finished-at="2024-12-26T16:03:27 IST" duration-ms="3202" status="PASS">
          <params>
            <param index="0">
              <value>
                <![CDATA[naveen]]>
              </value>
            </param>
            <param index="1">
              <value>
                <![CDATA[singh]]>
              </value>
            </param>
            <param index="2">
              <value>
                <![CDATA[7702921111']]>
              </value>
            </param>
            <param index="3">
              <value>
                <![CDATA[1234.0]]>
              </value>
            </param>
            <param index="4">
              <value>
                <![CDATA[yes]]>
              </value>
            </param>
          </params>
          <reporter-output>
          </reporter-output>
        </test-method> <!-- userRegisterationTest -->
        <test-method is-config="true" signature="tearDown()[pri:0, instance:com.qa.opencart.tests.ResigterPageTest@4dad0eed]" started-at="2024-12-26T16:03:27 IST" name="tearDown" finished-at="2024-12-26T16:03:28 IST" duration-ms="788" status="PASS">
          <reporter-output>
          </reporter-output>
        </test-method> <!-- tearDown -->
      </class> <!-- com.qa.opencart.tests.ResigterPageTest -->
    </test> <!-- Register Page Test -->
    <test started-at="2024-12-26T16:03:05 IST" name="Login Page Test" finished-at="2024-12-26T16:03:29 IST" duration-ms="23982">
      <class name="com.qa.opencart.tests.LoginPageTest">
        <test-method is-config="true" signature="setUp(java.lang.String)[pri:0, instance:com.qa.opencart.tests.LoginPageTest@3b353651]" started-at="2024-12-26T16:03:05 IST" name="setUp" finished-at="2024-12-26T16:03:17 IST" duration-ms="12096" status="PASS">
          <params>
            <param index="0">
              <value>
                <![CDATA[chrome]]>
              </value>
            </param>
          </params>
          <reporter-output>
          </reporter-output>
        </test-method> <!-- setUp -->
        <test-method signature="loginTestWithInvalidcredentials()[pri:1, instance:com.qa.opencart.tests.LoginPageTest@3b353651]" started-at="2024-12-26T16:03:17 IST" name="loginTestWithInvalidcredentials" finished-at="2024-12-26T16:03:21 IST" duration-ms="3751" status="PASS">
          <reporter-output>
          </reporter-output>
        </test-method> <!-- loginTestWithInvalidcredentials -->
        <test-method signature="loginPageTitleTest()[pri:2, instance:com.qa.opencart.tests.LoginPageTest@3b353651]" started-at="2024-12-26T16:03:21 IST" name="loginPageTitleTest" finished-at="2024-12-26T16:03:21 IST" duration-ms="309" status="PASS">
          <reporter-output>
          </reporter-output>
        </test-method> <!-- loginPageTitleTest -->
        <test-method signature="loginPageUrlTest()[pri:3, instance:com.qa.opencart.tests.LoginPageTest@3b353651]" started-at="2024-12-26T16:03:21 IST" name="loginPageUrlTest" finished-at="2024-12-26T16:03:27 IST" duration-ms="5157" status="PASS">
          <reporter-output>
          </reporter-output>
        </test-method> <!-- loginPageUrlTest -->
        <test-method signature="forgotpwdLinkExitTest()[pri:4, instance:com.qa.opencart.tests.LoginPageTest@3b353651]" started-at="2024-12-26T16:03:27 IST" name="forgotpwdLinkExitTest" finished-at="2024-12-26T16:03:27 IST" duration-ms="660" status="PASS">
          <reporter-output>
          </reporter-output>
        </test-method> <!-- forgotpwdLinkExitTest -->
        <test-method signature="loginTest()[pri:5, instance:com.qa.opencart.tests.LoginPageTest@3b353651]" started-at="2024-12-26T16:03:27 IST" name="loginTest" finished-at="2024-12-26T16:03:29 IST" duration-ms="1777" status="PASS">
          <reporter-output>
          </reporter-output>
        </test-method> <!-- loginTest -->
        <test-method is-config="true" signature="tearDown()[pri:0, instance:com.qa.opencart.tests.LoginPageTest@3b353651]" started-at="2024-12-26T16:03:29 IST" name="tearDown" finished-at="2024-12-26T16:03:29 IST" duration-ms="122" status="PASS">
          <reporter-output>
          </reporter-output>
        </test-method> <!-- tearDown -->
      </class> <!-- com.qa.opencart.tests.LoginPageTest -->
    </test> <!-- Login Page Test -->
  </suite> <!-- Opencart App Test Regression Suite -->
</testng-results>
