<?xml version="1.0" encoding="UTF-8"?>
<testng-results ignored="4" total="5" passed="1" failed="0" skipped="0">
  <reporter-output>
  </reporter-output>
  <suite started-at="2024-12-21T22:08:22 IST" name="Default suite" finished-at="2024-12-21T22:08:42 IST" duration-ms="20078">
    <groups>
    </groups>
    <test started-at="2024-12-21T22:08:22 IST" name="Default test" finished-at="2024-12-21T22:08:42 IST" duration-ms="20078">
      <class name="com.qa.opencart.tests.LoginPageTest">
        <test-method is-config="true" signature="setUp(java.lang.String)[pri:0, instance:com.qa.opencart.tests.LoginPageTest@14b0e127]" started-at="2024-12-21T22:08:22 IST" name="setUp" finished-at="2024-12-21T22:08:36 IST" duration-ms="14617" status="PASS">
          <params>
            <param index="0">
              <value is-null="true"/>
            </param>
          </params>
          <reporter-output>
          </reporter-output>
        </test-method> <!-- setUp -->
        <test-method signature="loginTestWithInvalidcredentials()[pri:5, instance:com.qa.opencart.tests.LoginPageTest@14b0e127]" started-at="2024-12-21T22:08:36 IST" name="loginTestWithInvalidcredentials" finished-at="2024-12-21T22:08:40 IST" duration-ms="4159" status="PASS">
          <reporter-output>
          </reporter-output>
        </test-method> <!-- loginTestWithInvalidcredentials -->
        <test-method is-config="true" signature="tearDown()[pri:0, instance:com.qa.opencart.tests.LoginPageTest@14b0e127]" started-at="2024-12-21T22:08:40 IST" name="tearDown" finished-at="2024-12-21T22:08:42 IST" duration-ms="1148" status="PASS">
          <reporter-output>
          </reporter-output>
        </test-method> <!-- tearDown -->
      </class> <!-- com.qa.opencart.tests.LoginPageTest -->
    </test> <!-- Default test -->
  </suite> <!-- Default suite -->
</testng-results>
